# JRE version: Java(TM) SE Runtime Environment (17.0.8+9) (build 17.0.8+9-LTS-211)
# Java VM: Java HotSpot(TM) 64-Bit Server VM (17.0.8+9-LTS-211, mixed mode, sharing, tiered, compressed oops, compressed class ptrs, g1 gc, windows-amd64)
GC Precious Log:
 CPUs: 8 total, 8 available
 Memory: 8043M
 Large Page Support: Disabled
 NUMA Support: Disabled
 Compressed Oops: Enabled (32-bit)
 Heap Region Size: 1M
 Heap Min Capacity: 8M
 Heap Initial Capacity: 126M
 Heap Max Capacity: 1536M
 Pre-touch: Disabled
 Parallel Workers: 8
 Concurrent Workers: 2
 Concurrent Refinement Workers: 8
 Periodic GC: Disabled
Heap:
 garbage-first heap   total 388096K, used 314166K [0x00000000a0000000, 0x0000000100000000)
  region size 1024K, 5 young (5120K), 1 survivors (1024K)
 Metaspace       used 133458K, committed 134720K, reserved 1179648K
  class space    used 17526K, committed 18176K, reserved 1048576K
GC Heap History (20 events):
Event: 34.935 GC heap before
{Heap before GC invocations=49 (full 0):
 garbage-first heap   total 388096K, used 327056K [0x00000000a0000000, 0x0000000100000000)
  region size 1024K, 103 young (105472K), 8 survivors (8192K)
 Metaspace       used 121964K, committed 123136K, reserved 1179648K
  class space    used 16155K, committed 16704K, reserved 1048576K
}
Event: 34.946 GC heap after
{Heap after GC invocations=50 (full 0):
 garbage-first heap   total 388096K, used 237932K [0x00000000a0000000, 0x0000000100000000)
  region size 1024K, 8 young (8192K), 8 survivors (8192K)
 Metaspace       used 121964K, committed 123136K, reserved 1179648K
  class space    used 16155K, committed 16704K, reserved 1048576K
}
Event: 238.733 GC heap before
{Heap before GC invocations=50 (full 0):
 garbage-first heap   total 388096K, used 329068K [0x00000000a0000000, 0x0000000100000000)
  region size 1024K, 97 young (99328K), 8 survivors (8192K)
 Metaspace       used 124538K, committed 125824K, reserved 1179648K
  class space    used 16477K, committed 17088K, reserved 1048576K
}
Event: 238.751 GC heap after
{Heap after GC invocations=51 (full 0):
 garbage-first heap   total 388096K, used 243377K [0x00000000a0000000, 0x0000000100000000)
  region size 1024K, 13 young (13312K), 13 survivors (13312K)
 Metaspace       used 124538K, committed 125824K, reserved 1179648K
  class space    used 16477K, committed 17088K, reserved 1048576K
}
Event: 240.492 GC heap before
{Heap before GC invocations=51 (full 0):
 garbage-first heap   total 388096K, used 330417K [0x00000000a0000000, 0x0000000100000000)
  region size 1024K, 98 young (100352K), 13 survivors (13312K)
 Metaspace       used 126552K, committed 127808K, reserved 1179648K
  class space    used 16729K, committed 17344K, reserved 1048576K
}
Event: 240.519 GC heap after
{Heap after GC invocations=52 (full 0):
 garbage-first heap   total 388096K, used 254254K [0x00000000a0000000, 0x0000000100000000)
  region size 1024K, 13 young (13312K), 13 survivors (13312K)
 Metaspace       used 126552K, committed 127808K, reserved 1179648K
  class space    used 16729K, committed 17344K, reserved 1048576K
}
Event: 242.066 GC heap before
{Heap before GC invocations=52 (full 0):
 garbage-first heap   total 388096K, used 329006K [0x00000000a0000000, 0x0000000100000000)
  region size 1024K, 87 young (89088K), 13 survivors (13312K)
 Metaspace       used 128068K, committed 129344K, reserved 1179648K
  class space    used 16910K, committed 17536K, reserved 1048576K
}
Event: 242.093 GC heap after
{Heap after GC invocations=53 (full 0):
 garbage-first heap   total 388096K, used 264992K [0x00000000a0000000, 0x0000000100000000)
  region size 1024K, 10 young (10240K), 10 survivors (10240K)
 Metaspace       used 128068K, committed 129344K, reserved 1179648K
  class space    used 16910K, committed 17536K, reserved 1048576K
}
Event: 243.960 GC heap before
{Heap before GC invocations=53 (full 0):
 garbage-first heap   total 388096K, used 329504K [0x00000000a0000000, 0x0000000100000000)
  region size 1024K, 74 young (75776K), 10 survivors (10240K)
 Metaspace       used 128791K, committed 130048K, reserved 1179648K
  class space    used 16993K, committed 17600K, reserved 1048576K
}
Event: 243.981 GC heap after
{Heap after GC invocations=54 (full 0):
 garbage-first heap   total 388096K, used 268778K [0x00000000a0000000, 0x0000000100000000)
  region size 1024K, 4 young (4096K), 4 survivors (4096K)
 Metaspace       used 128791K, committed 130048K, reserved 1179648K
  class space    used 16993K, committed 17600K, reserved 1048576K
}
Event: 247.003 GC heap before
{Heap before GC invocations=54 (full 0):
 garbage-first heap   total 388096K, used 341482K [0x00000000a0000000, 0x0000000100000000)
  region size 1024K, 67 young (68608K), 4 survivors (4096K)
 Metaspace       used 130762K, committed 131968K, reserved 1179648K
  class space    used 17191K, committed 17792K, reserved 1048576K
}
Event: 247.027 GC heap after
{Heap after GC invocations=55 (full 0):
 garbage-first heap   total 388096K, used 288710K [0x00000000a0000000, 0x0000000100000000)
  region size 1024K, 9 young (9216K), 9 survivors (9216K)
 Metaspace       used 130762K, committed 131968K, reserved 1179648K
  class space    used 17191K, committed 17792K, reserved 1048576K
}
Event: 249.082 GC heap before
{Heap before GC invocations=55 (full 0):
 garbage-first heap   total 388096K, used 326598K [0x00000000a0000000, 0x0000000100000000)
  region size 1024K, 46 young (47104K), 9 survivors (9216K)
 Metaspace       used 131035K, committed 132352K, reserved 1179648K
  class space    used 17212K, committed 17856K, reserved 1048576K
}
Event: 249.116 GC heap after
{Heap after GC invocations=56 (full 0):
 garbage-first heap   total 388096K, used 302345K [0x00000000a0000000, 0x0000000100000000)
  region size 1024K, 6 young (6144K), 6 survivors (6144K)
 Metaspace       used 131035K, committed 132352K, reserved 1179648K
  class space    used 17212K, committed 17856K, reserved 1048576K
}
Event: 251.295 GC heap before
{Heap before GC invocations=56 (full 0):
 garbage-first heap   total 388096K, used 335113K [0x00000000a0000000, 0x0000000100000000)
  region size 1024K, 31 young (31744K), 6 survivors (6144K)
 Metaspace       used 131338K, committed 132672K, reserved 1179648K
  class space    used 17235K, committed 17856K, reserved 1048576K
}
Event: 251.318 GC heap after
{Heap after GC invocations=57 (full 0):
 garbage-first heap   total 388096K, used 307555K [0x00000000a0000000, 0x0000000100000000)
  region size 1024K, 4 young (4096K), 4 survivors (4096K)
 Metaspace       used 131338K, committed 132672K, reserved 1179648K
  class space    used 17235K, committed 17856K, reserved 1048576K
}
Event: 252.231 GC heap before
{Heap before GC invocations=57 (full 0):
 garbage-first heap   total 388096K, used 323939K [0x00000000a0000000, 0x0000000100000000)
  region size 1024K, 21 young (21504K), 4 survivors (4096K)
 Metaspace       used 131967K, committed 133248K, reserved 1179648K
  class space    used 17345K, committed 17984K, reserved 1048576K
}
Event: 252.262 GC heap after
{Heap after GC invocations=58 (full 0):
 garbage-first heap   total 388096K, used 311518K [0x00000000a0000000, 0x0000000100000000)
  region size 1024K, 4 young (4096K), 4 survivors (4096K)
 Metaspace       used 131967K, committed 133248K, reserved 1179648K
  class space    used 17345K, committed 17984K, reserved 1048576K
}
Event: 254.243 GC heap before
{Heap before GC invocations=58 (full 0):
 garbage-first heap   total 388096K, used 333022K [0x00000000a0000000, 0x0000000100000000)
  region size 1024K, 25 young (25600K), 4 survivors (4096K)
 Metaspace       used 133456K, committed 134720K, reserved 1179648K
  class space    used 17526K, committed 18176K, reserved 1048576K
}
Event: 254.253 GC heap after
{Heap after GC invocations=59 (full 0):
 garbage-first heap   total 388096K, used 312118K [0x00000000a0000000, 0x0000000100000000)
  region size 1024K, 1 young (1024K), 1 survivors (1024K)
 Metaspace       used 133456K, committed 134720K, reserved 1179648K
  class space    used 17526K, committed 18176K, reserved 1048576K
}

