# JRE version: Java(TM) SE Runtime Environment (17.0.8+9) (build 17.0.8+9-LTS-211)
# Java VM: Java HotSpot(TM) 64-Bit Server VM (17.0.8+9-LTS-211, mixed mode, sharing, tiered, compressed oops, compressed class ptrs, g1 gc, windows-amd64)
GC Precious Log:
 CPUs: 8 total, 8 available
 Memory: 8043M
 Large Page Support: Disabled
 NUMA Support: Disabled
 Compressed Oops: Enabled (32-bit)
 Heap Region Size: 1M
 Heap Min Capacity: 8M
 Heap Initial Capacity: 126M
 Heap Max Capacity: 1536M
 Pre-touch: Disabled
 Parallel Workers: 8
 Concurrent Workers: 2
 Concurrent Refinement Workers: 8
 Periodic GC: Disabled
Heap:
 garbage-first heap   total 277504K, used 193938K [0x00000000a0000000, 0x0000000100000000)
  region size 1024K, 19 young (19456K), 2 survivors (2048K)
 Metaspace       used 96939K, committed 97792K, reserved 1179648K
  class space    used 13326K, committed 13760K, reserved 1048576K
GC Heap History (20 events):
Event: 23.534 GC heap before
{Heap before GC invocations=39 (full 0):
 garbage-first heap   total 162816K, used 137532K [0x00000000a0000000, 0x0000000100000000)
  region size 1024K, 24 young (24576K), 3 survivors (3072K)
 Metaspace       used 91011K, committed 91776K, reserved 1179648K
  class space    used 12648K, committed 12992K, reserved 1048576K
}
Event: 23.538 GC heap after
{Heap after GC invocations=40 (full 0):
 garbage-first heap   total 195584K, used 118316K [0x00000000a0000000, 0x0000000100000000)
  region size 1024K, 3 young (3072K), 3 survivors (3072K)
 Metaspace       used 91011K, committed 91776K, reserved 1179648K
  class space    used 12648K, committed 12992K, reserved 1048576K
}
Event: 24.648 GC heap before
{Heap before GC invocations=41 (full 0):
 garbage-first heap   total 214016K, used 161324K [0x00000000a0000000, 0x0000000100000000)
  region size 1024K, 46 young (47104K), 3 survivors (3072K)
 Metaspace       used 93457K, committed 94208K, reserved 1179648K
  class space    used 12917K, committed 13312K, reserved 1048576K
}
Event: 24.657 GC heap after
{Heap after GC invocations=42 (full 0):
 garbage-first heap   total 214016K, used 123250K [0x00000000a0000000, 0x0000000100000000)
  region size 1024K, 6 young (6144K), 6 survivors (6144K)
 Metaspace       used 93457K, committed 94208K, reserved 1179648K
  class space    used 12917K, committed 13312K, reserved 1048576K
}
Event: 24.753 GC heap before
{Heap before GC invocations=42 (full 0):
 garbage-first heap   total 214016K, used 127346K [0x00000000a0000000, 0x0000000100000000)
  region size 1024K, 10 young (10240K), 6 survivors (6144K)
 Metaspace       used 93479K, committed 94208K, reserved 1179648K
  class space    used 12917K, committed 13312K, reserved 1048576K
}
Event: 24.761 GC heap after
{Heap after GC invocations=43 (full 0):
 garbage-first heap   total 214016K, used 125003K [0x00000000a0000000, 0x0000000100000000)
  region size 1024K, 2 young (2048K), 2 survivors (2048K)
 Metaspace       used 93479K, committed 94208K, reserved 1179648K
  class space    used 12917K, committed 13312K, reserved 1048576K
}
Event: 25.770 GC heap before
{Heap before GC invocations=43 (full 0):
 garbage-first heap   total 214016K, used 185419K [0x00000000a0000000, 0x0000000100000000)
  region size 1024K, 52 young (53248K), 2 survivors (2048K)
 Metaspace       used 93669K, committed 94464K, reserved 1179648K
  class space    used 12917K, committed 13312K, reserved 1048576K
}
Event: 25.787 GC heap after
{Heap after GC invocations=44 (full 0):
 garbage-first heap   total 214016K, used 149746K [0x00000000a0000000, 0x0000000100000000)
  region size 1024K, 7 young (7168K), 7 survivors (7168K)
 Metaspace       used 93669K, committed 94464K, reserved 1179648K
  class space    used 12917K, committed 13312K, reserved 1048576K
}
Event: 26.428 GC heap before
{Heap before GC invocations=44 (full 0):
 garbage-first heap   total 214016K, used 183538K [0x00000000a0000000, 0x0000000100000000)
  region size 1024K, 32 young (32768K), 7 survivors (7168K)
 Metaspace       used 94228K, committed 95040K, reserved 1179648K
  class space    used 12974K, committed 13376K, reserved 1048576K
}
Event: 26.436 GC heap after
{Heap after GC invocations=45 (full 0):
 garbage-first heap   total 214016K, used 154394K [0x00000000a0000000, 0x0000000100000000)
  region size 1024K, 4 young (4096K), 4 survivors (4096K)
 Metaspace       used 94228K, committed 95040K, reserved 1179648K
  class space    used 12974K, committed 13376K, reserved 1048576K
}
Event: 26.785 GC heap before
{Heap before GC invocations=45 (full 0):
 garbage-first heap   total 214016K, used 176922K [0x00000000a0000000, 0x0000000100000000)
  region size 1024K, 26 young (26624K), 4 survivors (4096K)
 Metaspace       used 94310K, committed 95104K, reserved 1179648K
  class space    used 12974K, committed 13376K, reserved 1048576K
}
Event: 26.794 GC heap after
{Heap after GC invocations=46 (full 0):
 garbage-first heap   total 214016K, used 159604K [0x00000000a0000000, 0x0000000100000000)
  region size 1024K, 4 young (4096K), 4 survivors (4096K)
 Metaspace       used 94310K, committed 95104K, reserved 1179648K
  class space    used 12974K, committed 13376K, reserved 1048576K
}
Event: 27.156 GC heap before
{Heap before GC invocations=46 (full 0):
 garbage-first heap   total 214016K, used 180084K [0x00000000a0000000, 0x0000000100000000)
  region size 1024K, 24 young (24576K), 4 survivors (4096K)
 Metaspace       used 96378K, committed 97216K, reserved 1179648K
  class space    used 13266K, committed 13696K, reserved 1048576K
}
Event: 27.163 GC heap after
{Heap after GC invocations=47 (full 0):
 garbage-first heap   total 214016K, used 161430K [0x00000000a0000000, 0x0000000100000000)
  region size 1024K, 2 young (2048K), 2 survivors (2048K)
 Metaspace       used 96378K, committed 97216K, reserved 1179648K
  class space    used 13266K, committed 13696K, reserved 1048576K
}
Event: 27.500 GC heap before
{Heap before GC invocations=47 (full 0):
 garbage-first heap   total 214016K, used 179862K [0x00000000a0000000, 0x0000000100000000)
  region size 1024K, 21 young (21504K), 2 survivors (2048K)
 Metaspace       used 96472K, committed 97280K, reserved 1179648K
  class space    used 13273K, committed 13696K, reserved 1048576K
}
Event: 27.509 GC heap after
{Heap after GC invocations=48 (full 0):
 garbage-first heap   total 214016K, used 167936K [0x00000000a0000000, 0x0000000100000000)
  region size 1024K, 3 young (3072K), 3 survivors (3072K)
 Metaspace       used 96472K, committed 97280K, reserved 1179648K
  class space    used 13273K, committed 13696K, reserved 1048576K
}
Event: 27.637 GC heap before
{Heap before GC invocations=48 (full 0):
 garbage-first heap   total 214016K, used 177152K [0x00000000a0000000, 0x0000000100000000)
  region size 1024K, 6 young (6144K), 3 survivors (3072K)
 Metaspace       used 96472K, committed 97280K, reserved 1179648K
  class space    used 13273K, committed 13696K, reserved 1048576K
}
Event: 27.643 GC heap after
{Heap after GC invocations=49 (full 0):
 garbage-first heap   total 214016K, used 172330K [0x00000000a0000000, 0x0000000100000000)
  region size 1024K, 1 young (1024K), 1 survivors (1024K)
 Metaspace       used 96472K, committed 97280K, reserved 1179648K
  class space    used 13273K, committed 13696K, reserved 1048576K
}
Event: 27.848 GC heap before
{Heap before GC invocations=49 (full 0):
 garbage-first heap   total 214016K, used 203050K [0x00000000a0000000, 0x0000000100000000)
  region size 1024K, 11 young (11264K), 1 survivors (1024K)
 Metaspace       used 96846K, committed 97728K, reserved 1179648K
  class space    used 13317K, committed 13760K, reserved 1048576K
}
Event: 27.852 GC heap after
{Heap after GC invocations=50 (full 0):
 garbage-first heap   total 277504K, used 177554K [0x00000000a0000000, 0x0000000100000000)
  region size 1024K, 2 young (2048K), 2 survivors (2048K)
 Metaspace       used 96846K, committed 97728K, reserved 1179648K
  class space    used 13317K, committed 13760K, reserved 1048576K
}

