# JRE version: Java(TM) SE Runtime Environment (17.0.8+9) (build 17.0.8+9-LTS-211)
# Java VM: Java HotSpot(TM) 64-Bit Server VM (17.0.8+9-LTS-211, mixed mode, sharing, tiered, compressed oops, compressed class ptrs, g1 gc, windows-amd64)
GC Precious Log:
 CPUs: 8 total, 8 available
 Memory: 8043M
 Large Page Support: Disabled
 NUMA Support: Disabled
 Compressed Oops: Enabled (32-bit)
 Heap Region Size: 1M
 Heap Min Capacity: 8M
 Heap Initial Capacity: 126M
 Heap Max Capacity: 1536M
 Pre-touch: Disabled
 Parallel Workers: 8
 Concurrent Workers: 2
 Concurrent Refinement Workers: 8
 Periodic GC: Disabled
Heap:
 garbage-first heap   total 206848K, used 121101K [0x00000000a0000000, 0x0000000100000000)
  region size 1024K, 5 young (5120K), 5 survivors (5120K)
 Metaspace       used 93360K, committed 94208K, reserved 1179648K
  class space    used 12876K, committed 13312K, reserved 1048576K
GC Heap History (20 events):
Event: 25.601 GC heap after
{Heap after GC invocations=29 (full 0):
 garbage-first heap   total 164864K, used 91935K [0x00000000a0000000, 0x0000000100000000)
  region size 1024K, 7 young (7168K), 7 survivors (7168K)
 Metaspace       used 81728K, committed 82432K, reserved 1179648K
  class space    used 11444K, committed 11776K, reserved 1048576K
}
Event: 26.600 GC heap before
{Heap before GC invocations=29 (full 0):
 garbage-first heap   total 164864K, used 135967K [0x00000000a0000000, 0x0000000100000000)
  region size 1024K, 50 young (51200K), 7 survivors (7168K)
 Metaspace       used 85622K, committed 86336K, reserved 1179648K
  class space    used 11997K, committed 12352K, reserved 1048576K
}
Event: 26.609 GC heap after
{Heap after GC invocations=30 (full 0):
 garbage-first heap   total 164864K, used 94313K [0x00000000a0000000, 0x0000000100000000)
  region size 1024K, 3 young (3072K), 3 survivors (3072K)
 Metaspace       used 85622K, committed 86336K, reserved 1179648K
  class space    used 11997K, committed 12352K, reserved 1048576K
}
Event: 27.357 GC heap before
{Heap before GC invocations=31 (full 0):
 garbage-first heap   total 167936K, used 137321K [0x00000000a0000000, 0x0000000100000000)
  region size 1024K, 45 young (46080K), 3 survivors (3072K)
 Metaspace       used 87486K, committed 88192K, reserved 1179648K
  class space    used 12249K, committed 12544K, reserved 1048576K
}
Event: 27.365 GC heap after
{Heap after GC invocations=32 (full 0):
 garbage-first heap   total 167936K, used 97782K [0x00000000a0000000, 0x0000000100000000)
  region size 1024K, 6 young (6144K), 6 survivors (6144K)
 Metaspace       used 87486K, committed 88192K, reserved 1179648K
  class space    used 12249K, committed 12544K, reserved 1048576K
}
Event: 27.414 GC heap before
{Heap before GC invocations=32 (full 0):
 garbage-first heap   total 167936K, used 99830K [0x00000000a0000000, 0x0000000100000000)
  region size 1024K, 8 young (8192K), 6 survivors (6144K)
 Metaspace       used 87514K, committed 88192K, reserved 1179648K
  class space    used 12252K, committed 12544K, reserved 1048576K
}
Event: 27.422 GC heap after
{Heap after GC invocations=33 (full 0):
 garbage-first heap   total 167936K, used 97427K [0x00000000a0000000, 0x0000000100000000)
  region size 1024K, 1 young (1024K), 1 survivors (1024K)
 Metaspace       used 87514K, committed 88192K, reserved 1179648K
  class space    used 12252K, committed 12544K, reserved 1048576K
}
Event: 27.900 GC heap before
{Heap before GC invocations=33 (full 0):
 garbage-first heap   total 167936K, used 139411K [0x00000000a0000000, 0x0000000100000000)
  region size 1024K, 42 young (43008K), 1 survivors (1024K)
 Metaspace       used 87640K, committed 88320K, reserved 1179648K
  class space    used 12257K, committed 12608K, reserved 1048576K
}
Event: 27.907 GC heap after
{Heap after GC invocations=34 (full 0):
 garbage-first heap   total 167936K, used 103424K [0x00000000a0000000, 0x0000000100000000)
  region size 1024K, 6 young (6144K), 6 survivors (6144K)
 Metaspace       used 87640K, committed 88320K, reserved 1179648K
  class space    used 12257K, committed 12608K, reserved 1048576K
}
Event: 28.805 GC heap before
{Heap before GC invocations=35 (full 0):
 garbage-first heap   total 193536K, used 137216K [0x00000000a0000000, 0x0000000100000000)
  region size 1024K, 40 young (40960K), 6 survivors (6144K)
 Metaspace       used 88960K, committed 89728K, reserved 1179648K
  class space    used 12467K, committed 12800K, reserved 1048576K
}
Event: 28.822 GC heap after
{Heap after GC invocations=36 (full 0):
 garbage-first heap   total 193536K, used 108954K [0x00000000a0000000, 0x0000000100000000)
  region size 1024K, 5 young (5120K), 5 survivors (5120K)
 Metaspace       used 88960K, committed 89728K, reserved 1179648K
  class space    used 12467K, committed 12800K, reserved 1048576K
}
Event: 29.000 GC heap before
{Heap before GC invocations=36 (full 0):
 garbage-first heap   total 193536K, used 113050K [0x00000000a0000000, 0x0000000100000000)
  region size 1024K, 9 young (9216K), 5 survivors (5120K)
 Metaspace       used 89008K, committed 89728K, reserved 1179648K
  class space    used 12467K, committed 12800K, reserved 1048576K
}
Event: 29.007 GC heap after
{Heap after GC invocations=37 (full 0):
 garbage-first heap   total 193536K, used 109869K [0x00000000a0000000, 0x0000000100000000)
  region size 1024K, 2 young (2048K), 2 survivors (2048K)
 Metaspace       used 89008K, committed 89728K, reserved 1179648K
  class space    used 12467K, committed 12800K, reserved 1048576K
}
Event: 29.884 GC heap before
{Heap before GC invocations=37 (full 0):
 garbage-first heap   total 193536K, used 156973K [0x00000000a0000000, 0x0000000100000000)
  region size 1024K, 49 young (50176K), 2 survivors (2048K)
 Metaspace       used 89764K, committed 90496K, reserved 1179648K
  class space    used 12553K, committed 12928K, reserved 1048576K
}
Event: 29.894 GC heap after
{Heap after GC invocations=38 (full 0):
 garbage-first heap   total 193536K, used 114192K [0x00000000a0000000, 0x0000000100000000)
  region size 1024K, 6 young (6144K), 6 survivors (6144K)
 Metaspace       used 89764K, committed 90496K, reserved 1179648K
  class space    used 12553K, committed 12928K, reserved 1048576K
}
Event: 31.486 GC heap before
{Heap before GC invocations=39 (full 0):
 garbage-first heap   total 206848K, used 157200K [0x00000000a0000000, 0x0000000100000000)
  region size 1024K, 49 young (50176K), 6 survivors (6144K)
 Metaspace       used 90103K, committed 90816K, reserved 1179648K
  class space    used 12570K, committed 12928K, reserved 1048576K
}
Event: 31.497 GC heap after
{Heap after GC invocations=40 (full 0):
 garbage-first heap   total 206848K, used 116448K [0x00000000a0000000, 0x0000000100000000)
  region size 1024K, 3 young (3072K), 3 survivors (3072K)
 Metaspace       used 90103K, committed 90816K, reserved 1179648K
  class space    used 12570K, committed 12928K, reserved 1048576K
}
Event: 31.548 GC heap before
{Heap before GC invocations=40 (full 0):
 garbage-first heap   total 206848K, used 122592K [0x00000000a0000000, 0x0000000100000000)
  region size 1024K, 10 young (10240K), 3 survivors (3072K)
 Metaspace       used 90129K, committed 90880K, reserved 1179648K
  class space    used 12570K, committed 12928K, reserved 1048576K
}
Event: 31.552 GC heap after
{Heap after GC invocations=41 (full 0):
 garbage-first heap   total 206848K, used 116672K [0x00000000a0000000, 0x0000000100000000)
  region size 1024K, 1 young (1024K), 1 survivors (1024K)
 Metaspace       used 90129K, committed 90880K, reserved 1179648K
  class space    used 12570K, committed 12928K, reserved 1048576K
}
Event: 33.202 GC heap before
{Heap before GC invocations=41 (full 0):
 garbage-first heap   total 206848K, used 167872K [0x00000000a0000000, 0x0000000100000000)
  region size 1024K, 52 young (53248K), 1 survivors (1024K)
 Metaspace       used 93360K, committed 94208K, reserved 1179648K
  class space    used 12876K, committed 13312K, reserved 1048576K
}

